0 info it worked if it ends with ok
1 verbose cli [ 'node', '/usr/local/bin/npm', 'install' ]
2 info using npm@1.4.28
3 info using node@v0.10.32
4 warn package.json midterm@1.0.0 No repository field.
5 verbose readDependencies using package.json deps
6 verbose install where, deps [ '/Users/hanakokato/Desktop/info2/midterm',
6 verbose install   [ 'express', 'gulp', 'gulp-util' ] ]
7 info preinstall midterm@1.0.0
8 verbose readDependencies using package.json deps
9 verbose cache add [ 'express@^4.10.1', null ]
10 verbose cache add name=undefined spec="express@^4.10.1" args=["express@^4.10.1",null]
11 verbose parsed url { protocol: null,
11 verbose parsed url   slashes: null,
11 verbose parsed url   auth: null,
11 verbose parsed url   host: null,
11 verbose parsed url   port: null,
11 verbose parsed url   hostname: null,
11 verbose parsed url   hash: null,
11 verbose parsed url   search: null,
11 verbose parsed url   query: null,
11 verbose parsed url   pathname: 'express@^4.10.1',
11 verbose parsed url   path: 'express@^4.10.1',
11 verbose parsed url   href: 'express@^4.10.1' }
12 verbose cache add [ 'gulp@^3.8.9', null ]
13 verbose cache add name=undefined spec="gulp@^3.8.9" args=["gulp@^3.8.9",null]
14 verbose parsed url { protocol: null,
14 verbose parsed url   slashes: null,
14 verbose parsed url   auth: null,
14 verbose parsed url   host: null,
14 verbose parsed url   port: null,
14 verbose parsed url   hostname: null,
14 verbose parsed url   hash: null,
14 verbose parsed url   search: null,
14 verbose parsed url   query: null,
14 verbose parsed url   pathname: 'gulp@^3.8.9',
14 verbose parsed url   path: 'gulp@^3.8.9',
14 verbose parsed url   href: 'gulp@^3.8.9' }
15 verbose cache add [ 'gulp-util@^3.0.1', null ]
16 verbose cache add name=undefined spec="gulp-util@^3.0.1" args=["gulp-util@^3.0.1",null]
17 verbose parsed url { protocol: null,
17 verbose parsed url   slashes: null,
17 verbose parsed url   auth: null,
17 verbose parsed url   host: null,
17 verbose parsed url   port: null,
17 verbose parsed url   hostname: null,
17 verbose parsed url   hash: null,
17 verbose parsed url   search: null,
17 verbose parsed url   query: null,
17 verbose parsed url   pathname: 'gulp-util@^3.0.1',
17 verbose parsed url   path: 'gulp-util@^3.0.1',
17 verbose parsed url   href: 'gulp-util@^3.0.1' }
18 verbose cache add name="express" spec="^4.10.1" args=["express","^4.10.1"]
19 verbose parsed url { protocol: null,
19 verbose parsed url   slashes: null,
19 verbose parsed url   auth: null,
19 verbose parsed url   host: null,
19 verbose parsed url   port: null,
19 verbose parsed url   hostname: null,
19 verbose parsed url   hash: null,
19 verbose parsed url   search: null,
19 verbose parsed url   query: null,
19 verbose parsed url   pathname: '^4.10.1',
19 verbose parsed url   path: '^4.10.1',
19 verbose parsed url   href: '^4.10.1' }
20 verbose addNamed [ 'express', '^4.10.1' ]
21 verbose addNamed [ null, '>=4.10.1-0 <5.0.0-0' ]
22 verbose cache add name="gulp" spec="^3.8.9" args=["gulp","^3.8.9"]
23 verbose parsed url { protocol: null,
23 verbose parsed url   slashes: null,
23 verbose parsed url   auth: null,
23 verbose parsed url   host: null,
23 verbose parsed url   port: null,
23 verbose parsed url   hostname: null,
23 verbose parsed url   hash: null,
23 verbose parsed url   search: null,
23 verbose parsed url   query: null,
23 verbose parsed url   pathname: '^3.8.9',
23 verbose parsed url   path: '^3.8.9',
23 verbose parsed url   href: '^3.8.9' }
24 verbose addNamed [ 'gulp', '^3.8.9' ]
25 verbose addNamed [ null, '>=3.8.9-0 <4.0.0-0' ]
26 verbose cache add name="gulp-util" spec="^3.0.1" args=["gulp-util","^3.0.1"]
27 verbose parsed url { protocol: null,
27 verbose parsed url   slashes: null,
27 verbose parsed url   auth: null,
27 verbose parsed url   host: null,
27 verbose parsed url   port: null,
27 verbose parsed url   hostname: null,
27 verbose parsed url   hash: null,
27 verbose parsed url   search: null,
27 verbose parsed url   query: null,
27 verbose parsed url   pathname: '^3.0.1',
27 verbose parsed url   path: '^3.0.1',
27 verbose parsed url   href: '^3.0.1' }
28 verbose addNamed [ 'gulp-util', '^3.0.1' ]
29 verbose addNamed [ null, '>=3.0.1-0 <4.0.0-0' ]
30 silly lockFile aba69ddd-express-4-10-1 express@^4.10.1
31 verbose lock express@^4.10.1 /Users/hanakokato/.npm/aba69ddd-express-4-10-1.lock
32 silly lockFile 2a6cb516-gulp-3-8-9 gulp@^3.8.9
33 verbose lock gulp@^3.8.9 /Users/hanakokato/.npm/2a6cb516-gulp-3-8-9.lock
34 silly lockFile f979aec2-gulp-util-3-0-1 gulp-util@^3.0.1
35 verbose lock gulp-util@^3.0.1 /Users/hanakokato/.npm/f979aec2-gulp-util-3-0-1.lock
36 silly addNameRange { name: 'express', range: '>=4.10.1-0 <5.0.0-0', hasData: false }
37 silly addNameRange { name: 'gulp', range: '>=3.8.9-0 <4.0.0-0', hasData: false }
38 silly addNameRange { name: 'gulp-util',
38 silly addNameRange   range: '>=3.0.1-0 <4.0.0-0',
38 silly addNameRange   hasData: false }
39 verbose request where is /express
40 verbose request registry https://registry.npmjs.org/
41 verbose request id d8901fb4753f0ad4
42 verbose url raw /express
43 verbose url resolving [ 'https://registry.npmjs.org/', './express' ]
44 verbose url resolved https://registry.npmjs.org/express
45 verbose request where is https://registry.npmjs.org/express
46 info trying registry request attempt 1 at 09:37:33
47 verbose etag "9VWKYZ1F4O5IC5ARH8TR2R278"
48 http GET https://registry.npmjs.org/express
49 verbose request where is /gulp
50 verbose request registry https://registry.npmjs.org/
51 verbose url raw /gulp
52 verbose url resolving [ 'https://registry.npmjs.org/', './gulp' ]
53 verbose url resolved https://registry.npmjs.org/gulp
54 verbose request where is https://registry.npmjs.org/gulp
55 info trying registry request attempt 1 at 09:37:33
56 verbose etag "8FIG7CJ3YGULA0FTLNHXSUPWZ"
57 http GET https://registry.npmjs.org/gulp
58 verbose request where is /gulp-util
59 verbose request registry https://registry.npmjs.org/
60 verbose url raw /gulp-util
61 verbose url resolving [ 'https://registry.npmjs.org/', './gulp-util' ]
62 verbose url resolved https://registry.npmjs.org/gulp-util
63 verbose request where is https://registry.npmjs.org/gulp-util
64 info trying registry request attempt 1 at 09:37:33
65 verbose etag "A72WMRN78BOGBZDM3EZXA0X5F"
66 http GET https://registry.npmjs.org/gulp-util
67 http 200 https://registry.npmjs.org/gulp
68 silly registry.get cb [ 200,
68 silly registry.get   { date: 'Thu, 13 Nov 2014 00:37:34 GMT',
68 silly registry.get     server: 'CouchDB/1.5.0 (Erlang OTP/R16B03)',
68 silly registry.get     etag: '"2589FWDBOKQ5NS0TEFOCZ9ZG2"',
68 silly registry.get     'content-type': 'application/json',
68 silly registry.get     'cache-control': 'max-age=60',
68 silly registry.get     'content-length': '95524',
68 silly registry.get     'accept-ranges': 'bytes',
68 silly registry.get     via: '1.1 varnish',
68 silly registry.get     age: '53',
68 silly registry.get     'x-served-by': 'cache-ty67-TYO',
68 silly registry.get     'x-cache': 'HIT',
68 silly registry.get     'x-cache-hits': '6',
68 silly registry.get     'x-timer': 'S1415839054.160486,VS0,VE0',
68 silly registry.get     vary: 'Accept',
68 silly registry.get     'keep-alive': 'timeout=10, max=50',
68 silly registry.get     connection: 'Keep-Alive' } ]
69 silly addNameRange number 2 { name: 'gulp', range: '>=3.8.9-0 <4.0.0-0', hasData: true }
70 silly addNameRange versions [ 'gulp',
70 silly addNameRange   [ '0.0.1',
70 silly addNameRange     '0.0.2',
70 silly addNameRange     '0.0.3',
70 silly addNameRange     '0.0.4',
70 silly addNameRange     '0.0.5',
70 silly addNameRange     '0.0.7',
70 silly addNameRange     '0.0.8',
70 silly addNameRange     '0.0.9',
70 silly addNameRange     '0.1.0',
70 silly addNameRange     '0.2.0',
70 silly addNameRange     '1.0.0',
70 silly addNameRange     '1.1.0',
70 silly addNameRange     '1.2.0',
70 silly addNameRange     '1.2.1',
70 silly addNameRange     '2.0.0',
70 silly addNameRange     '2.0.1',
70 silly addNameRange     '2.1.0',
70 silly addNameRange     '2.2.0',
70 silly addNameRange     '2.3.0',
70 silly addNameRange     '2.4.0',
70 silly addNameRange     '2.4.1',
70 silly addNameRange     '2.6.0',
70 silly addNameRange     '2.6.1',
70 silly addNameRange     '2.7.0',
70 silly addNameRange     '3.0.0',
70 silly addNameRange     '3.1.1',
70 silly addNameRange     '3.1.2',
70 silly addNameRange     '3.1.3',
70 silly addNameRange     '3.1.4',
70 silly addNameRange     '3.2.0',
70 silly addNameRange     '3.2.1',
70 silly addNameRange     '3.2.2',
70 silly addNameRange     '3.2.3',
70 silly addNameRange     '3.2.4',
70 silly addNameRange     '3.2.5',
70 silly addNameRange     '3.3.0',
70 silly addNameRange     '3.3.1',
70 silly addNameRange     '3.3.2',
70 silly addNameRange     '3.3.4',
70 silly addNameRange     '3.4.0',
70 silly addNameRange     '3.5.0',
70 silly addNameRange     '3.5.1',
70 silly addNameRange     '3.5.2',
70 silly addNameRange     '3.5.5',
70 silly addNameRange     '3.5.6',
70 silly addNameRange     '3.6.0',
70 silly addNameRange     '3.6.1',
70 silly addNameRange     '3.6.2',
70 silly addNameRange     '3.7.0',
70 silly addNameRange     '3.8.0',
70 silly addNameRange     '3.8.1',
70 silly addNameRange     '3.8.2',
70 silly addNameRange     '3.8.3',
70 silly addNameRange     '3.8.4',
70 silly addNameRange     '3.8.5',
70 silly addNameRange     '3.8.6',
70 silly addNameRange     '3.8.7',
70 silly addNameRange     '3.8.8',
70 silly addNameRange     '3.8.9',
70 silly addNameRange     '3.8.10' ] ]
71 verbose addNamed [ 'gulp', '3.8.10' ]
72 verbose addNamed [ '3.8.10', '3.8.10' ]
73 silly lockFile f843d0d7-gulp-3-8-10 gulp@3.8.10
74 verbose lock gulp@3.8.10 /Users/hanakokato/.npm/f843d0d7-gulp-3-8-10.lock
75 silly lockFile f843d0d7-gulp-3-8-10 gulp@3.8.10
76 silly lockFile f843d0d7-gulp-3-8-10 gulp@3.8.10
77 silly lockFile 2a6cb516-gulp-3-8-9 gulp@^3.8.9
78 silly lockFile 2a6cb516-gulp-3-8-9 gulp@^3.8.9
79 http 200 https://registry.npmjs.org/express
80 silly registry.get cb [ 200,
80 silly registry.get   { date: 'Thu, 13 Nov 2014 00:37:34 GMT',
80 silly registry.get     server: 'CouchDB/1.5.0 (Erlang OTP/R16B03)',
80 silly registry.get     etag: '"CEK5SQHPFYH9499SPZF2QKCA2"',
80 silly registry.get     'content-type': 'application/json',
80 silly registry.get     'cache-control': 'max-age=60',
80 silly registry.get     'content-length': '421722',
80 silly registry.get     'accept-ranges': 'bytes',
80 silly registry.get     via: '1.1 varnish',
80 silly registry.get     age: '31',
80 silly registry.get     'x-served-by': 'cache-ty66-TYO',
80 silly registry.get     'x-cache': 'HIT',
80 silly registry.get     'x-cache-hits': '6',
80 silly registry.get     'x-timer': 'S1415839054.159636,VS0,VE0',
80 silly registry.get     vary: 'Accept',
80 silly registry.get     'keep-alive': 'timeout=10, max=50',
80 silly registry.get     connection: 'Keep-Alive' } ]
81 silly addNameRange number 2 { name: 'express', range: '>=4.10.1-0 <5.0.0-0', hasData: true }
82 silly addNameRange versions [ 'express',
82 silly addNameRange   [ '0.14.0',
82 silly addNameRange     '0.14.1',
82 silly addNameRange     '1.0.0',
82 silly addNameRange     '1.0.1',
82 silly addNameRange     '1.0.2',
82 silly addNameRange     '1.0.3',
82 silly addNameRange     '1.0.4',
82 silly addNameRange     '1.0.5',
82 silly addNameRange     '1.0.6',
82 silly addNameRange     '1.0.7',
82 silly addNameRange     '1.0.8',
82 silly addNameRange     '2.0.0',
82 silly addNameRange     '2.1.0',
82 silly addNameRange     '2.1.1',
82 silly addNameRange     '2.2.0',
82 silly addNameRange     '2.2.1',
82 silly addNameRange     '2.2.2',
82 silly addNameRange     '2.3.0',
82 silly addNameRange     '2.3.1',
82 silly addNameRange     '2.3.2',
82 silly addNameRange     '2.3.3',
82 silly addNameRange     '2.3.4',
82 silly addNameRange     '2.3.5',
82 silly addNameRange     '2.3.6',
82 silly addNameRange     '2.3.7',
82 silly addNameRange     '2.3.8',
82 silly addNameRange     '2.3.9',
82 silly addNameRange     '2.3.10',
82 silly addNameRange     '2.3.11',
82 silly addNameRange     '2.3.12',
82 silly addNameRange     '2.4.0',
82 silly addNameRange     '2.4.1',
82 silly addNameRange     '2.4.2',
82 silly addNameRange     '2.4.3',
82 silly addNameRange     '2.4.4',
82 silly addNameRange     '2.4.5',
82 silly addNameRange     '2.4.6',
82 silly addNameRange     '2.4.7',
82 silly addNameRange     '2.5.0',
82 silly addNameRange     '2.5.1',
82 silly addNameRange     '2.5.2',
82 silly addNameRange     '2.5.3',
82 silly addNameRange     '2.5.4',
82 silly addNameRange     '2.5.5',
82 silly addNameRange     '2.5.6',
82 silly addNameRange     '2.5.7',
82 silly addNameRange     '2.5.8',
82 silly addNameRange     '2.5.9',
82 silly addNameRange     '2.5.10',
82 silly addNameRange     '2.5.11',
82 silly addNameRange     '3.0.0',
82 silly addNameRange     '3.0.1',
82 silly addNameRange     '3.0.2',
82 silly addNameRange     '3.0.3',
82 silly addNameRange     '3.0.4',
82 silly addNameRange     '3.0.5',
82 silly addNameRange     '3.0.6',
82 silly addNameRange     '3.1.0',
82 silly addNameRange     '3.1.1',
82 silly addNameRange     '3.1.2',
82 silly addNameRange     '3.2.0',
82 silly addNameRange     '3.2.1',
82 silly addNameRange     '3.2.2',
82 silly addNameRange     '3.2.3',
82 silly addNameRange     '3.2.4',
82 silly addNameRange     '3.2.5',
82 silly addNameRange     '3.2.6',
82 silly addNameRange     '3.3.0',
82 silly addNameRange     '3.3.1',
82 silly addNameRange     '3.3.2',
82 silly addNameRange     '3.3.3',
82 silly addNameRange     '3.3.4',
82 silly addNameRange     '3.3.5',
82 silly addNameRange     '3.3.6',
82 silly addNameRange     '1.0.0-beta',
82 silly addNameRange     '1.0.0-beta2',
82 silly addNameRange     '1.0.0-rc',
82 silly addNameRange     '1.0.0-rc2',
82 silly addNameRange     '1.0.0-rc3',
82 silly addNameRange     '1.0.0-rc4',
82 silly addNameRange     '2.0.0-beta',
82 silly addNameRange     '2.0.0-beta2',
82 silly addNameRange     '2.0.0-beta3',
82 silly addNameRange     '2.0.0-rc',
82 silly addNameRange     '2.0.0-rc2',
82 silly addNameRange     '2.0.0-rc3',
82 silly addNameRange     '3.0.0-alpha1',
82 silly addNameRange     '3.0.0-alpha2',
82 silly addNameRange     '3.0.0-alpha3',
82 silly addNameRange     '3.0.0-alpha4',
82 silly addNameRange     '3.0.0-alpha5',
82 silly addNameRange     '3.0.0-beta1',
82 silly addNameRange     '3.0.0-beta2',
82 silly addNameRange     '3.0.0-beta3',
82 silly addNameRange     '3.0.0-beta4',
82 silly addNameRange     '3.0.0-beta6',
82 silly addNameRange     '3.0.0-beta7',
82 silly addNameRange     '3.0.0-rc1',
82 silly addNameRange     '3.0.0-rc2',
82 silly addNameRange     '3.0.0-rc3',
82 silly addNameRange     '3.0.0-rc4',
82 silly addNameRange     '3.0.0-rc5',
82 silly addNameRange     '3.3.7',
82 silly addNameRange     '3.3.8',
82 silly addNameRange     '3.4.0',
82 silly addNameRange     '3.4.1',
82 silly addNameRange     '3.4.2',
82 silly addNameRange     '3.4.3',
82 silly addNameRange     '3.4.4',
82 silly addNameRange     '3.4.5',
82 silly addNameRange     '3.4.6',
82 silly addNameRange     '3.4.7',
82 silly addNameRange     '3.4.8',
82 silly addNameRange     '4.0.0-rc1',
82 silly addNameRange     '4.0.0-rc2',
82 silly addNameRange     '3.5.0',
82 silly addNameRange     '4.0.0-rc3',
82 silly addNameRange     '4.0.0-rc4',
82 silly addNameRange     '3.5.1',
82 silly addNameRange     '4.0.0',
82 silly addNameRange     '3.5.2',
82 silly addNameRange     '4.1.0',
82 silly addNameRange     '4.1.1',
82 silly addNameRange     '3.5.3',
82 silly addNameRange     '4.1.2',
82 silly addNameRange     '3.6.0',
82 silly addNameRange     '4.2.0',
82 silly addNameRange     '3.7.0',
82 silly addNameRange     '3.8.0',
82 silly addNameRange     '4.3.0',
82 silly addNameRange     '4.3.1',
82 silly addNameRange     '3.8.1',
82 silly addNameRange     '4.3.2',
82 silly addNameRange     '3.9.0',
82 silly addNameRange     '4.4.0',
82 silly addNameRange     '4.4.1',
82 silly addNameRange     '3.10.0',
82 silly addNameRange     '3.10.1',
82 silly addNameRange     '3.10.2',
82 silly addNameRange     '3.10.3',
82 silly addNameRange     '3.10.4',
82 silly addNameRange     '4.4.2',
82 silly addNameRange     '3.10.5',
82 silly addNameRange     '4.4.3',
82 silly addNameRange     '3.11.0',
82 silly addNameRange     '4.4.4',
82 silly addNameRange     '3.12.0',
82 silly addNameRange     '3.12.1',
82 silly addNameRange     '4.4.5',
82 silly addNameRange     '3.13.0',
82 silly addNameRange     '4.5.0',
82 silly addNameRange     '4.5.1',
82 silly addNameRange     '3.14.0',
82 silly addNameRange     '4.6.0',
82 silly addNameRange     '4.6.1',
82 silly addNameRange     '3.15.0',
82 silly addNameRange     '4.7.0',
82 silly addNameRange     '3.15.1',
82 silly addNameRange     '4.7.1',
82 silly addNameRange     '3.15.2',
82 silly addNameRange     '4.7.2',
82 silly addNameRange     '4.7.3',
82 silly addNameRange     '3.15.3',
82 silly addNameRange     '4.7.4',
82 silly addNameRange     '3.16.0',
82 silly addNameRange     '4.8.0',
82 silly addNameRange     '3.16.1',
82 silly addNameRange     '4.8.1',
82 silly addNameRange     '3.16.2',
82 silly addNameRange     '4.8.2',
82 silly addNameRange     '3.16.3',
82 silly addNameRange     '3.16.4',
82 silly addNameRange     '4.8.3',
82 silly addNameRange     '3.16.5',
82 silly addNameRange     '3.16.6',
82 silly addNameRange     '4.8.4',
82 silly addNameRange     '3.16.7',
82 silly addNameRange     '4.8.5',
82 silly addNameRange     '3.16.8',
82 silly addNameRange     '4.8.6',
82 silly addNameRange     '3.16.9',
82 silly addNameRange     '4.8.7',
82 silly addNameRange     '3.16.10',
82 silly addNameRange     '4.8.8',
82 silly addNameRange     '3.17.0',
82 silly addNameRange     '3.17.1',
82 silly addNameRange     '4.9.0',
82 silly addNameRange     '3.17.2',
82 silly addNameRange     '4.9.1',
82 silly addNameRange     '4.9.2',
82 silly addNameRange     '3.17.3',
82 silly addNameRange     '4.9.3',
82 silly addNameRange     '3.17.4',
82 silly addNameRange     '4.9.4',
82 silly addNameRange     '3.17.5',
82 silly addNameRange     '4.9.5',
82 silly addNameRange     '3.17.6',
82 silly addNameRange     '3.17.7',
82 silly addNameRange     '4.9.6',
82 silly addNameRange     '4.9.7',
82 silly addNameRange     '3.17.8',
82 silly addNameRange     '4.9.8',
82 silly addNameRange     '3.18.0',
82 silly addNameRange     '3.18.1',
82 silly addNameRange     '4.10.0',
82 silly addNameRange     '3.18.2',
82 silly addNameRange     '4.10.1',
82 silly addNameRange     '5.0.0-alpha.1',
82 silly addNameRange     '3.18.3',
82 silly addNameRange     '4.10.2' ] ]
83 verbose addNamed [ 'express', '4.10.2' ]
84 verbose addNamed [ '4.10.2', '4.10.2' ]
85 silly lockFile 787e98b4-express-4-10-2 express@4.10.2
86 verbose lock express@4.10.2 /Users/hanakokato/.npm/787e98b4-express-4-10-2.lock
87 silly lockFile d0bb09e8-s-org-express-express-4-10-2-tgz https://registry.npmjs.org/express/-/express-4.10.2.tgz
88 verbose lock https://registry.npmjs.org/express/-/express-4.10.2.tgz /Users/hanakokato/.npm/d0bb09e8-s-org-express-express-4-10-2-tgz.lock
89 verbose addRemoteTarball [ 'https://registry.npmjs.org/express/-/express-4.10.2.tgz',
89 verbose addRemoteTarball   'df06dde94d968932829d440a2004c5efe64495b0' ]
90 info retry fetch attempt 1 at 09:37:33
91 verbose fetch to= /var/folders/n5/dlpzk_qs48d5h0f876bm2qrr0000gn/T/npm-4322-5y2xq2Dy/registry.npmjs.org/express/-/express-4.10.2.tgz
92 http GET https://registry.npmjs.org/express/-/express-4.10.2.tgz
93 http 200 https://registry.npmjs.org/express/-/express-4.10.2.tgz
94 silly lockFile d0bb09e8-s-org-express-express-4-10-2-tgz https://registry.npmjs.org/express/-/express-4.10.2.tgz
95 silly lockFile d0bb09e8-s-org-express-express-4-10-2-tgz https://registry.npmjs.org/express/-/express-4.10.2.tgz
96 silly lockFile 787e98b4-express-4-10-2 express@4.10.2
97 silly lockFile 787e98b4-express-4-10-2 express@4.10.2
98 silly lockFile aba69ddd-express-4-10-1 express@^4.10.1
99 silly lockFile aba69ddd-express-4-10-1 express@^4.10.1
100 http 304 https://registry.npmjs.org/gulp-util
101 silly registry.get cb [ 304,
101 silly registry.get   { date: 'Thu, 13 Nov 2014 00:37:34 GMT',
101 silly registry.get     server: 'Apache',
101 silly registry.get     via: '1.1 varnish',
101 silly registry.get     'last-modified': 'Thu, 13 Nov 2014 00:37:34 GMT',
101 silly registry.get     'cache-control': 'max-age=60',
101 silly registry.get     etag: '"A72WMRN78BOGBZDM3EZXA0X5F"',
101 silly registry.get     age: '0',
101 silly registry.get     'x-served-by': 'cache-ty68-TYO',
101 silly registry.get     'x-cache': 'HIT',
101 silly registry.get     'x-cache-hits': '1',
101 silly registry.get     'x-timer': 'S1415839054.163273,VS0,VE522',
101 silly registry.get     vary: 'Accept',
101 silly registry.get     'content-length': '0',
101 silly registry.get     'keep-alive': 'timeout=10, max=50',
101 silly registry.get     connection: 'Keep-Alive' } ]
102 verbose etag https://registry.npmjs.org/gulp-util from cache
103 silly addNameRange number 2 { name: 'gulp-util', range: '>=3.0.1-0 <4.0.0-0', hasData: true }
104 silly addNameRange versions [ 'gulp-util',
104 silly addNameRange   [ '0.0.1',
104 silly addNameRange     '1.0.0',
104 silly addNameRange     '1.1.0',
104 silly addNameRange     '1.1.1',
104 silly addNameRange     '1.2.0',
104 silly addNameRange     '1.3.0',
104 silly addNameRange     '2.0.0',
104 silly addNameRange     '2.1.1',
104 silly addNameRange     '2.1.2',
104 silly addNameRange     '2.1.3',
104 silly addNameRange     '2.1.4',
104 silly addNameRange     '2.2.0',
104 silly addNameRange     '2.2.1',
104 silly addNameRange     '2.2.2',
104 silly addNameRange     '2.2.3',
104 silly addNameRange     '2.2.5',
104 silly addNameRange     '2.2.6',
104 silly addNameRange     '2.2.7',
104 silly addNameRange     '2.2.8',
104 silly addNameRange     '2.2.9',
104 silly addNameRange     '2.2.10',
104 silly addNameRange     '2.2.11',
104 silly addNameRange     '2.2.12',
104 silly addNameRange     '2.2.13',
104 silly addNameRange     '2.2.14',
104 silly addNameRange     '2.2.15',
104 silly addNameRange     '2.2.16',
104 silly addNameRange     '2.2.17',
104 silly addNameRange     '2.2.18',
104 silly addNameRange     '2.2.19',
104 silly addNameRange     '2.2.20',
104 silly addNameRange     '3.0.0',
104 silly addNameRange     '3.0.1' ] ]
105 verbose addNamed [ 'gulp-util', '3.0.1' ]
106 verbose addNamed [ '3.0.1', '3.0.1' ]
107 silly lockFile ea8d3cdd-gulp-util-3-0-1 gulp-util@3.0.1
108 verbose lock gulp-util@3.0.1 /Users/hanakokato/.npm/ea8d3cdd-gulp-util-3-0-1.lock
109 silly lockFile ea8d3cdd-gulp-util-3-0-1 gulp-util@3.0.1
110 silly lockFile ea8d3cdd-gulp-util-3-0-1 gulp-util@3.0.1
111 silly lockFile f979aec2-gulp-util-3-0-1 gulp-util@^3.0.1
112 silly lockFile f979aec2-gulp-util-3-0-1 gulp-util@^3.0.1
113 error Error: EACCES, mkdir '/Users/hanakokato/.npm/express/4.10.2'
113 error  { [Error: EACCES, mkdir '/Users/hanakokato/.npm/express/4.10.2']
113 error   errno: 3,
113 error   code: 'EACCES',
113 error   path: '/Users/hanakokato/.npm/express/4.10.2',
113 error   parent: 'midterm' }
114 error Please try running this command again as root/Administrator.
115 error System Darwin 13.3.0
116 error command "node" "/usr/local/bin/npm" "install"
117 error cwd /Users/hanakokato/Desktop/info2/midterm
118 error node -v v0.10.32
119 error npm -v 1.4.28
120 error path /Users/hanakokato/.npm/express/4.10.2
121 error code EACCES
122 error errno 3
123 error stack Error: EACCES, mkdir '/Users/hanakokato/.npm/express/4.10.2'
124 verbose exit [ 3, true ]
